<?xml version="1.0" encoding="UTF-8"?>
<!-- Generated by org.testng.reporters.JUnitReportReporter -->
<testsuite hostname="LIN80029364" failures="0" tests="1" name="com.util.scenario.MyntraMain" time="3.065" errors="0" timestamp="2024-03-18T13:05:56 IST" skipped="0">
  <testcase classname="com.util.scenario.MyntraMain" name="Testing" time="3.065"/>
</testsuite> <!-- com.util.scenario.MyntraMain -->
