<?xml version="1.0" encoding="UTF-8"?>
<!-- Generated by org.testng.reporters.JUnitReportReporter -->
<testsuite hostname="LIN80029364" failures="0" tests="1" name="com.util.scenario.DriverMainScenario" time="3.537" errors="0" timestamp="2024-03-18T13:05:36 IST" skipped="0">
  <testcase classname="com.util.scenario.DriverMainScenario" name="testStart" time="3.537"/>
</testsuite> <!-- com.util.scenario.DriverMainScenario -->
