<?xml version="1.0" encoding="UTF-8"?>
<!-- Generated by org.testng.reporters.JUnitReportReporter -->
<testsuite hostname="LIN80029364" failures="0" tests="1" name="com.util.scenario.DriverMainScenario" time="4.857" errors="0" timestamp="2024-03-08T18:17:06 IST" skipped="0">
  <testcase classname="com.util.scenario.DriverMainScenario" name="TestStart" time="4.857"/>
</testsuite> <!-- com.util.scenario.DriverMainScenario -->
